<?xml version="1.0" encoding="UTF-8"?>
<!-- Generated by org.testng.reporters.JUnitXMLReporter -->
<testsuite hostname="VITSIN-1-65" ignored="5" name="Login Test" tests="30" failures="1" timestamp="2019-10-10T11:28:46 EDT" time="928.45" errors="0">
  <testcase name="Verify_login_page_title" time="0.535" classname="TestCases.LoginTest"/>
  <testcase name="Verify_the_login_page_URL" time="3.519" classname="TestCases.LoginTest"/>
  <testcase name="Verify_login_page_UI_fields" time="0.285" classname="TestCases.LoginTest"/>
  <testcase name="Verify_validation_message_with_valid_emailAddress_and_empty_password_field" time="7.642" classname="TestCases.LoginTest"/>
  <testcase name="Verify_validation_message_with_valid_password_and_empty_emailAddress_field" time="10.61" classname="TestCases.LoginTest"/>
  <testcase name="Verify_validation_message_with_empty_email_address_and_empty_password_field" time="12.427" classname="TestCases.LoginTest"/>
  <testcase name="Verify_validation_message_with_invalid_email_address_and_invalid_password_field" time="5.907" classname="TestCases.LoginTest"/>
  <testcase name="Verify_forgot_password_link" time="17.17" classname="TestCases.LoginTest"/>
  <testcase name="Verify_login_functionality_with_valid_credentials_of_superAdmin" time="57.03" classname="TestCases.LoginTest"/>
  <testcase name="Verify_the_Report_Logs_Navigation_bar_link_functionality" time="24.946" classname="TestCases.ReportLogsTest"/>
  <testcase name="Verify_the_UI_of_Report_Logs" time="25.74" classname="TestCases.ReportLogsTest"/>
  <testcase name="Verify_Email_On_demands_download_UI" time="26.185" classname="TestCases.ReportLogsTest"/>
  <testcase name="Verify_Send_Report_button_functionality_on_Email_On_Demand_download_Popup_if_left_empty_email_field" time="27.392" classname="TestCases.ReportLogsTest"/>
  <testcase name="Verify_PDF_download" time="29.433" classname="TestCases.ReportLogsTest"/>
  <testcase name="Verify_CSV_download_functionality" time="29.563" classname="TestCases.ReportLogsTest"/>
  <testcase name="Verify_HTML_download_functionality" time="29.432" classname="TestCases.ReportLogsTest"/>
  <testcase name="Verify_the_search_functionality" time="24.799" classname="TestCases.ReportLogsTest"/>
  <testcase name="Verify_the_pagination_functionality" time="158.62" classname="TestCases.ReportLogsTest"/>
  <testcase name="Verify_Send_Report_button_functionality_on_Email_on_Demand_download_Popup_if_Fill_up_email_field" time="45.223" classname="TestCases.ReportLogsTest"/>
  <testcase name="Verify_the_Reports_navigation_bar" time="53.057" classname="TestCases.TripStopDetailedTest"/>
  <testcase name="Verify_the_UI_of_Trip_Stop_Detailed_page" time="41.705" classname="TestCases.TripStopDetailedTest"/>
  <testcase name="Verify_the_Placeholder_in_all_field_on_Trip_Stop_Detailed_page" time="25.88" classname="TestCases.TripStopDetailedTest"/>
  <testcase name="Verify_the_validation_message_in_all_field_on_Trip_Stop_Detailed_page" time="28.42" classname="TestCases.TripStopDetailedTest"/>
  <testcase name="Verify_the_Email_on_Demand_tooltip" time="21.749" classname="TestCases.TripStopDetailedTest"/>
  <testcase name="Verify_the_PDF_tooltip" time="21.536" classname="TestCases.TripStopDetailedTest"/>
  <testcase name="Verify_the_CSV_tooltip" time="21.53" classname="TestCases.TripStopDetailedTest">
    <failure type="java.lang.AssertionError" message="expected [Export CSV] but found []">
      <![CDATA[java.lang.AssertionError: expected [Export CSV] but found []
at TestCases.TripStopDetailedTest.Verify_the_CSV_tooltip(TripStopDetailedTest.java:283)
at java.util.ArrayList.forEach(Unknown Source)
... Removed 32 stack frames]]>
    </failure>
  </testcase> <!-- Verify_the_CSV_tooltip -->
  <testcase name="Verify_the_HTML_tooltip" time="21.439" classname="TestCases.TripStopDetailedTest"/>
  <testcase name="Verify_the_Trip_Stop_Detailed_using_DailyPeriod_functionality" time="40.679" classname="TestCases.TripStopDetailedTest"/>
  <testcase name="Verify_the_Trip_Stop_Detailed_using_WeeklyPeriod_functionality" time="40.369" classname="TestCases.TripStopDetailedTest"/>
  <testcase name="Verify_the_Trip_Stop_Detailed_using_Monthly_Period_functionality" time="40.121" classname="TestCases.TripStopDetailedTest"/>
  <testcase name="@BeforeSuite beforeSuite" time="0.0" classname="Common.BaseSetup">
    <ignored/>
  </testcase> <!-- @BeforeSuite beforeSuite -->
  <testcase name="@BeforeSuite beforeSuite" time="0.0" classname="Common.BaseSetup">
    <ignored/>
  </testcase> <!-- @BeforeSuite beforeSuite -->
  <testcase name="@AfterSuite afterSuite" time="0.0" classname="Common.BaseSetup">
    <ignored/>
  </testcase> <!-- @AfterSuite afterSuite -->
  <testcase name="@AfterSuite afterSuite" time="0.0" classname="Common.BaseSetup">
    <ignored/>
  </testcase> <!-- @AfterSuite afterSuite -->
  <testcase name="Verify_the_sorting_functionality" time="0.0" classname="TestCases.ReportLogsTest">
    <ignored/>
  </testcase> <!-- Verify_the_sorting_functionality -->
</testsuite> <!-- Login Test -->
