<?xml version="1.0" encoding="UTF-8"?>
<!-- Generated by org.testng.reporters.JUnitReportReporter -->
<testsuite skipped="0" hostname="VITSIN-1-65" name="TestCases.TripStopDetailedTest" tests="11" failures="1" timestamp="2019-10-10T11:28:47 EDT" time="367.589" errors="0">
  <testcase name="Verify_the_Reports_navigation_bar" time="54.081" classname="TestCases.TripStopDetailedTest"/>
  <testcase name="Verify_the_UI_of_Trip_Stop_Detailed_page" time="42.653" classname="TestCases.TripStopDetailedTest"/>
  <testcase name="Verify_the_Placeholder_in_all_field_on_Trip_Stop_Detailed_page" time="26.932" classname="TestCases.TripStopDetailedTest"/>
  <testcase name="Verify_the_validation_message_in_all_field_on_Trip_Stop_Detailed_page" time="29.390" classname="TestCases.TripStopDetailedTest"/>
  <testcase name="Verify_the_Email_on_Demand_tooltip" time="22.678" classname="TestCases.TripStopDetailedTest"/>
  <testcase name="Verify_the_PDF_tooltip" time="22.845" classname="TestCases.TripStopDetailedTest"/>
  <testcase name="Verify_the_CSV_tooltip" time="22.517" classname="TestCases.TripStopDetailedTest">
    <failure type="java.lang.AssertionError" message="expected [Export CSV] but found []">
      <![CDATA[java.lang.AssertionError: expected [Export CSV] but found []
at org.testng.Assert.fail(Assert.java:97)
at org.testng.Assert.assertEqualsImpl(Assert.java:136)
at org.testng.Assert.assertEquals(Assert.java:118)
at org.testng.Assert.assertEquals(Assert.java:575)
at org.testng.Assert.assertEquals(Assert.java:585)
at TestCases.TripStopDetailedTest.Verify_the_CSV_tooltip(TripStopDetailedTest.java:283)
at sun.reflect.NativeMethodAccessorImpl.invoke0(Native Method)
at sun.reflect.NativeMethodAccessorImpl.invoke(Unknown Source)
at sun.reflect.DelegatingMethodAccessorImpl.invoke(Unknown Source)
at java.lang.reflect.Method.invoke(Unknown Source)
at org.testng.internal.MethodInvocationHelper.invokeMethod(MethodInvocationHelper.java:133)
at org.testng.internal.TestInvoker.invokeMethod(TestInvoker.java:584)
at org.testng.internal.TestInvoker.invokeTestMethod(TestInvoker.java:172)
at org.testng.internal.MethodRunner.runInSequence(MethodRunner.java:46)
at org.testng.internal.TestInvoker$MethodInvocationAgent.invoke(TestInvoker.java:804)
at org.testng.internal.TestInvoker.invokeTestMethods(TestInvoker.java:145)
at org.testng.internal.TestMethodWorker.invokeTestMethods(TestMethodWorker.java:146)
at org.testng.internal.TestMethodWorker.run(TestMethodWorker.java:128)
at java.util.ArrayList.forEach(Unknown Source)
at org.testng.TestRunner.privateRun(TestRunner.java:770)
at org.testng.TestRunner.run(TestRunner.java:591)
at org.testng.SuiteRunner.runTest(SuiteRunner.java:402)
at org.testng.SuiteRunner.runSequentially(SuiteRunner.java:396)
at org.testng.SuiteRunner.privateRun(SuiteRunner.java:355)
at org.testng.SuiteRunner.run(SuiteRunner.java:304)
at org.testng.SuiteRunnerWorker.runSuite(SuiteRunnerWorker.java:53)
at org.testng.SuiteRunnerWorker.run(SuiteRunnerWorker.java:96)
at org.testng.TestNG.runSuitesSequentially(TestNG.java:1180)
at org.testng.TestNG.runSuitesLocally(TestNG.java:1102)
at org.testng.TestNG.runSuites(TestNG.java:1032)
at org.testng.TestNG.run(TestNG.java:1000)
at org.testng.remote.AbstractRemoteTestNG.run(AbstractRemoteTestNG.java:115)
at org.testng.remote.RemoteTestNG.initAndRun(RemoteTestNG.java:251)
at org.testng.remote.RemoteTestNG.main(RemoteTestNG.java:77)
]]>
    </failure>
  </testcase> <!-- Verify_the_CSV_tooltip -->
  <testcase name="Verify_the_HTML_tooltip" time="22.440" classname="TestCases.TripStopDetailedTest"/>
  <testcase name="Verify_the_Trip_Stop_Detailed_using_DailyPeriod_functionality" time="41.687" classname="TestCases.TripStopDetailedTest"/>
  <testcase name="Verify_the_Trip_Stop_Detailed_using_WeeklyPeriod_functionality" time="41.299" classname="TestCases.TripStopDetailedTest"/>
  <testcase name="Verify_the_Trip_Stop_Detailed_using_Monthly_Period_functionality" time="41.067" classname="TestCases.TripStopDetailedTest"/>
</testsuite> <!-- TestCases.TripStopDetailedTest -->
